<?xml version="1.0" encoding="UTF-8"?>
<!-- Generated by org.testng.reporters.JUnitReportReporter -->
<testsuite skipped="0" hostname="Aslanbeks-MacBook-Pro.local" name="com.app.runners.CukesRunner" tests="3" failures="0" timestamp="04 Apr 2018 22:58:15 GMT" time="244.622" errors="0">
  <testcase name="runScenario" time="89.443" classname="com.app.runners.CukesRunner"/>
  <testcase name="runScenario" time="76.849" classname="com.app.runners.CukesRunner"/>
  <testcase name="runScenario" time="78.330" classname="com.app.runners.CukesRunner"/>
</testsuite> <!-- com.app.runners.CukesRunner -->
