<?xml version="1.0" encoding="UTF-8"?>
<!-- Generated by org.testng.reporters.JUnitReportReporter -->
<testsuite skipped="0" hostname="Aslanbeks-MacBook-Pro.local" name="com.app.runners.CukesRunner" tests="4" failures="0" timestamp="07 Apr 2018 17:03:41 GMT" time="440.583" errors="0">
  <testcase name="runScenario" time="115.306" classname="com.app.runners.CukesRunner"/>
  <testcase name="runScenario" time="109.285" classname="com.app.runners.CukesRunner"/>
  <testcase name="runScenario" time="107.077" classname="com.app.runners.CukesRunner"/>
  <testcase name="runScenario" time="108.915" classname="com.app.runners.CukesRunner"/>
</testsuite> <!-- com.app.runners.CukesRunner -->
