<?xml version="1.0" encoding="UTF-8"?>
<!-- Generated by org.testng.reporters.JUnitReportReporter -->
<testsuite skipped="0" hostname="Aikanyshs-MacBook-Pro.local" name="com.app.runners.CukesRunner" tests="3" failures="0" timestamp="09 Apr 2018 17:32:02 GMT" time="34.781" errors="0">
  <testcase name="runScenario" time="13.654" classname="com.app.runners.CukesRunner"/>
  <testcase name="runScenario" time="12.483" classname="com.app.runners.CukesRunner"/>
  <testcase name="runScenario" time="8.644" classname="com.app.runners.CukesRunner"/>
</testsuite> <!-- com.app.runners.CukesRunner -->
