<?xml version="1.0" encoding="UTF-8"?>
<!-- Generated by org.testng.reporters.JUnitReportReporter -->
<testsuite skipped="0" hostname="Aslanbeks-MacBook-Pro.local" name="com.app.runners.CukesRunner" tests="2" failures="0" timestamp="16 Apr 2018 17:51:41 GMT" time="28.594" errors="0">
  <testcase name="runScenario" time="13.497" classname="com.app.runners.CukesRunner"/>
  <testcase name="runScenario" time="15.097" classname="com.app.runners.CukesRunner"/>
</testsuite> <!-- com.app.runners.CukesRunner -->
